This is pdfTeX, Version 3.14159265-2.6-1.40.19 (TeX Live 2018/W32TeX) (preloaded format=pdflatex 2018.6.30)  4 JUL 2018 14:17
entering extended mode
 restricted \write18 enabled.
 %&-line parsing enabled.
**survey_of_text_classification.tex
(./survey_of_text_classification.tex
LaTeX2e <2018-04-01> patch level 5
(c:/Program Files/TexLive/texlive/2018/texmf-dist/tex/latex/ctex/ctexart.cls
(c:/Program Files/TexLive/texlive/2018/texmf-dist/tex/latex/l3kernel/expl3.sty
Package: expl3 2018-06-14 L3 programming layer (loader) 

(c:/Program Files/TexLive/texlive/2018/texmf-dist/tex/latex/l3kernel/expl3-code
.tex
Package: expl3 2018-06-14 L3 programming layer (code)
\c_max_int=\count80
\l_tmpa_int=\count81
\l_tmpb_int=\count82
\g_tmpa_int=\count83
\g_tmpb_int=\count84
\g__kernel_prg_map_int=\count85
\c_log_iow=\count86
\l_iow_line_count_int=\count87
\l__iow_line_target_int=\count88
\l__iow_one_indent_int=\count89
\l__iow_indent_int=\count90
\c_zero_dim=\dimen102
\c_max_dim=\dimen103
\l_tmpa_dim=\dimen104
\l_tmpb_dim=\dimen105
\g_tmpa_dim=\dimen106
\g_tmpb_dim=\dimen107
\c_zero_skip=\skip41
\c_max_skip=\skip42
\l_tmpa_skip=\skip43
\l_tmpb_skip=\skip44
\g_tmpa_skip=\skip45
\g_tmpb_skip=\skip46
\c_zero_muskip=\muskip10
\c_max_muskip=\muskip11
\l_tmpa_muskip=\muskip12
\l_tmpb_muskip=\muskip13
\g_tmpa_muskip=\muskip14
\g_tmpb_muskip=\muskip15
\l_keys_choice_int=\count91
\l__intarray_loop_int=\count92
\c__intarray_sp_dim=\dimen108
\g__intarray_font_int=\count93
\c__fp_leading_shift_int=\count94
\c__fp_middle_shift_int=\count95
\c__fp_trailing_shift_int=\count96
\c__fp_big_leading_shift_int=\count97
\c__fp_big_middle_shift_int=\count98
\c__fp_big_trailing_shift_int=\count99
\c__fp_Bigg_leading_shift_int=\count100
\c__fp_Bigg_middle_shift_int=\count101
\c__fp_Bigg_trailing_shift_int=\count102
\c__kernel_randint_max_int=\count103
\g__fp_array_int=\count104
\l__fp_array_loop_int=\count105
\l__sort_length_int=\count106
\l__sort_min_int=\count107
\l__sort_top_int=\count108
\l__sort_max_int=\count109
\l__sort_true_max_int=\count110
\l__sort_block_int=\count111
\l__sort_begin_int=\count112
\l__sort_end_int=\count113
\l__sort_A_int=\count114
\l__sort_B_int=\count115
\l__sort_C_int=\count116
\l__tl_analysis_normal_int=\count117
\l__tl_analysis_index_int=\count118
\l__tl_analysis_nesting_int=\count119
\l__tl_analysis_type_int=\count120
\l__regex_internal_a_int=\count121
\l__regex_internal_b_int=\count122
\l__regex_internal_c_int=\count123
\l__regex_balance_int=\count124
\l__regex_group_level_int=\count125
\l__regex_mode_int=\count126
\c__regex_cs_in_class_mode_int=\count127
\c__regex_cs_mode_int=\count128
\l__regex_catcodes_int=\count129
\l__regex_default_catcodes_int=\count130
\c__regex_catcode_D_int=\count131
\c__regex_catcode_S_int=\count132
\c__regex_catcode_L_int=\count133
\c__regex_catcode_O_int=\count134
\c__regex_catcode_A_int=\count135
\c__regex_all_catcodes_int=\count136
\l__regex_show_lines_int=\count137
\l__regex_min_state_int=\count138
\l__regex_max_state_int=\count139
\l__regex_left_state_int=\count140
\l__regex_right_state_int=\count141
\l__regex_capturing_group_int=\count142
\l__regex_min_pos_int=\count143
\l__regex_max_pos_int=\count144
\l__regex_curr_pos_int=\count145
\l__regex_start_pos_int=\count146
\l__regex_success_pos_int=\count147
\l__regex_curr_char_int=\count148
\l__regex_curr_catcode_int=\count149
\l__regex_last_char_int=\count150
\l__regex_case_changed_char_int=\count151
\l__regex_curr_state_int=\count152
\l__regex_step_int=\count153
\l__regex_min_active_int=\count154
\l__regex_max_active_int=\count155
\l__regex_replacement_csnames_int=\count156
\l__regex_match_count_int=\count157
\l__regex_min_submatch_int=\count158
\l__regex_submatch_int=\count159
\l__regex_zeroth_submatch_int=\count160
\g__regex_trace_regex_int=\count161
\c_empty_box=\box26
\l_tmpa_box=\box27
\l_tmpb_box=\box28
\g_tmpa_box=\box29
\g_tmpb_box=\box30
\l__box_top_dim=\dimen109
\l__box_bottom_dim=\dimen110
\l__box_left_dim=\dimen111
\l__box_right_dim=\dimen112
\l__box_top_new_dim=\dimen113
\l__box_bottom_new_dim=\dimen114
\l__box_left_new_dim=\dimen115
\l__box_right_new_dim=\dimen116
\l__box_internal_box=\box31
\l__coffin_internal_box=\box32
\l__coffin_internal_dim=\dimen117
\l__coffin_offset_x_dim=\dimen118
\l__coffin_offset_y_dim=\dimen119
\l__coffin_x_dim=\dimen120
\l__coffin_y_dim=\dimen121
\l__coffin_x_prime_dim=\dimen122
\l__coffin_y_prime_dim=\dimen123
\c_empty_coffin=\box33
\l__coffin_aligned_coffin=\box34
\l__coffin_aligned_internal_coffin=\box35
\l_tmpa_coffin=\box36
\l_tmpb_coffin=\box37
\l__coffin_display_coffin=\box38
\l__coffin_display_coord_coffin=\box39
\l__coffin_display_pole_coffin=\box40
\l__coffin_display_offset_dim=\dimen124
\l__coffin_display_x_dim=\dimen125
\l__coffin_display_y_dim=\dimen126
\g__file_internal_ior=\read1
\l__coffin_bounding_shift_dim=\dimen127
\l__coffin_left_corner_dim=\dimen128
\l__coffin_right_corner_dim=\dimen129
\l__coffin_bottom_corner_dim=\dimen130
\l__coffin_top_corner_dim=\dimen131
\l__coffin_scaled_total_height_dim=\dimen132
\l__coffin_scaled_width_dim=\dimen133
\l__seq_internal_a_int=\count162
\l__seq_internal_b_int=\count163
)
(c:/Program Files/TexLive/texlive/2018/texmf-dist/tex/latex/l3kernel/l3pdfmode.
def
File: l3pdfmode.def 2018-06-14 v L3 Experimental driver: PDF mode
\l__driver_color_stack_int=\count164
))
Document Class: ctexart 2018/05/02 v2.4.14 Chinese adapter for class article (C
TEX)

(c:/Program Files/TexLive/texlive/2018/texmf-dist/tex/latex/l3packages/xparse/x
parse.sty
Package: xparse 2018-05-12 L3 Experimental document command parser
\l__xparse_current_arg_int=\count165
\g__xparse_grabber_int=\count166
\l__xparse_m_args_int=\count167
\l__xparse_mandatory_args_int=\count168
\l__xparse_v_nesting_int=\count169
)
(c:/Program Files/TexLive/texlive/2018/texmf-dist/tex/latex/l3packages/l3keys2e
/l3keys2e.sty
Package: l3keys2e 2018-05-12 LaTeX2e option processing using LaTeX3 keys
)
(c:/Program Files/TexLive/texlive/2018/texmf-dist/tex/latex/ctex/ctexhook.sty
Package: ctexhook 2018/05/02 v2.4.14 Document and package hooks (CTEX)
)
(c:/Program Files/TexLive/texlive/2018/texmf-dist/tex/latex/ctex/ctexpatch.sty
Package: ctexpatch 2018/05/02 v2.4.14 Patching commands (CTEX)
) (c:/Program Files/TexLive/texlive/2018/texmf-dist/tex/latex/base/fix-cm.sty
Package: fix-cm 2015/01/14 v1.1t fixes to LaTeX

(c:/Program Files/TexLive/texlive/2018/texmf-dist/tex/latex/base/ts1enc.def
File: ts1enc.def 2001/06/05 v3.0e (jk/car/fm) Standard LaTeX file
Now handling font encoding TS1 ...
... processing UTF-8 mapping file for font encoding TS1

(c:/Program Files/TexLive/texlive/2018/texmf-dist/tex/latex/base/ts1enc.dfu
File: ts1enc.dfu 2018/04/05 v1.2c UTF-8 support for inputenc
   defining Unicode char U+00A2 (decimal 162)
   defining Unicode char U+00A3 (decimal 163)
   defining Unicode char U+00A4 (decimal 164)
   defining Unicode char U+00A5 (decimal 165)
   defining Unicode char U+00A6 (decimal 166)
   defining Unicode char U+00A7 (decimal 167)
   defining Unicode char U+00A8 (decimal 168)
   defining Unicode char U+00A9 (decimal 169)
   defining Unicode char U+00AA (decimal 170)
   defining Unicode char U+00AC (decimal 172)
   defining Unicode char U+00AE (decimal 174)
   defining Unicode char U+00AF (decimal 175)
   defining Unicode char U+00B0 (decimal 176)
   defining Unicode char U+00B1 (decimal 177)
   defining Unicode char U+00B2 (decimal 178)
   defining Unicode char U+00B3 (decimal 179)
   defining Unicode char U+00B4 (decimal 180)
   defining Unicode char U+00B5 (decimal 181)
   defining Unicode char U+00B6 (decimal 182)
   defining Unicode char U+00B7 (decimal 183)
   defining Unicode char U+00B9 (decimal 185)
   defining Unicode char U+00BA (decimal 186)
   defining Unicode char U+00BC (decimal 188)
   defining Unicode char U+00BD (decimal 189)
   defining Unicode char U+00BE (decimal 190)
   defining Unicode char U+00D7 (decimal 215)
   defining Unicode char U+00F7 (decimal 247)
   defining Unicode char U+0192 (decimal 402)
   defining Unicode char U+02C7 (decimal 711)
   defining Unicode char U+02D8 (decimal 728)
   defining Unicode char U+02DD (decimal 733)
   defining Unicode char U+0E3F (decimal 3647)
   defining Unicode char U+2016 (decimal 8214)
   defining Unicode char U+2020 (decimal 8224)
   defining Unicode char U+2021 (decimal 8225)
   defining Unicode char U+2022 (decimal 8226)
   defining Unicode char U+2030 (decimal 8240)
   defining Unicode char U+2031 (decimal 8241)
   defining Unicode char U+203B (decimal 8251)
   defining Unicode char U+203D (decimal 8253)
   defining Unicode char U+2044 (decimal 8260)
   defining Unicode char U+204E (decimal 8270)
   defining Unicode char U+2052 (decimal 8274)
   defining Unicode char U+20A1 (decimal 8353)
   defining Unicode char U+20A4 (decimal 8356)
   defining Unicode char U+20A6 (decimal 8358)
   defining Unicode char U+20A9 (decimal 8361)
   defining Unicode char U+20AB (decimal 8363)
   defining Unicode char U+20AC (decimal 8364)
   defining Unicode char U+20B1 (decimal 8369)
   defining Unicode char U+2103 (decimal 8451)
   defining Unicode char U+2116 (decimal 8470)
   defining Unicode char U+2117 (decimal 8471)
   defining Unicode char U+211E (decimal 8478)
   defining Unicode char U+2120 (decimal 8480)
   defining Unicode char U+2122 (decimal 8482)
   defining Unicode char U+2126 (decimal 8486)
   defining Unicode char U+2127 (decimal 8487)
   defining Unicode char U+212E (decimal 8494)
   defining Unicode char U+2190 (decimal 8592)
   defining Unicode char U+2191 (decimal 8593)
   defining Unicode char U+2192 (decimal 8594)
   defining Unicode char U+2193 (decimal 8595)
   defining Unicode char U+2329 (decimal 9001)
   defining Unicode char U+232A (decimal 9002)
   defining Unicode char U+2422 (decimal 9250)
   defining Unicode char U+25E6 (decimal 9702)
   defining Unicode char U+25EF (decimal 9711)
   defining Unicode char U+266A (decimal 9834)
   defining Unicode char U+FEFF (decimal 65279)
)))
(c:/Program Files/TexLive/texlive/2018/texmf-dist/tex/latex/ms/everysel.sty
Package: everysel 2011/10/28 v1.2 EverySelectfont Package (MS)
)
\l__ctex_tmp_int=\count170
\l__ctex_tmp_box=\box41
\l__ctex_tmp_dim=\dimen134
\g__ctex_font_size_flag=\count171

(c:/Program Files/TexLive/texlive/2018/texmf-dist/tex/latex/ctex/config/ctexopt
s.cfg
File: ctexopts.cfg 2018/05/02 v2.4.14 Option configuration file (CTEX)
)
(c:/Program Files/TexLive/texlive/2018/texmf-dist/tex/latex/base/article.cls
Document Class: article 2014/09/29 v1.4h Standard LaTeX document class
(c:/Program Files/TexLive/texlive/2018/texmf-dist/tex/latex/base/size10.clo
File: size10.clo 2014/09/29 v1.4h Standard LaTeX file (size option)
)
\c@part=\count172
\c@section=\count173
\c@subsection=\count174
\c@subsubsection=\count175
\c@paragraph=\count176
\c@subparagraph=\count177
\c@figure=\count178
\c@table=\count179
\abovecaptionskip=\skip47
\belowcaptionskip=\skip48
\bibindent=\dimen135
)
(c:/Program Files/TexLive/texlive/2018/texmf-dist/tex/latex/ctex/engine/ctex-en
gine-pdftex.def
File: ctex-engine-pdftex.def 2018/05/02 v2.4.14 (pdf)LaTeX adapter (CTEX)

(c:/Program Files/TexLive/texlive/2018/texmf-dist/tex/latex/cjk/texinput/CJKutf
8.sty
Package: CJKutf8 2015/04/18 4.8.4

(c:/Program Files/TexLive/texlive/2018/texmf-dist/tex/generic/oberdiek/ifpdf.st
y
Package: ifpdf 2017/03/15 v3.2 Provides the ifpdf switch
)
(c:/Program Files/TexLive/texlive/2018/texmf-dist/tex/latex/base/inputenc.sty
Package: inputenc 2018/04/06 v1.3b Input encoding file
\inpenc@prehook=\toks14
\inpenc@posthook=\toks15
)
(c:/Program Files/TexLive/texlive/2018/texmf-dist/tex/latex/cjk/texinput/CJK.st
y
Package: CJK 2015/04/18 4.8.4

(c:/Program Files/TexLive/texlive/2018/texmf-dist/tex/latex/cjk/texinput/mule/M
ULEenc.sty
Package: MULEenc 2015/04/18 4.8.4
)
(c:/Program Files/TexLive/texlive/2018/texmf-dist/tex/latex/cjk/texinput/CJK.en
c
File: CJK.enc 2015/04/18 4.8.4
Now handling font encoding C00 ...
... no UTF-8 mapping file for font encoding C00
Now handling font encoding C05 ...
... no UTF-8 mapping file for font encoding C05
Now handling font encoding C09 ...
... no UTF-8 mapping file for font encoding C09
Now handling font encoding C10 ...
... no UTF-8 mapping file for font encoding C10
Now handling font encoding C20 ...
... no UTF-8 mapping file for font encoding C20
Now handling font encoding C19 ...
... no UTF-8 mapping file for font encoding C19
Now handling font encoding C40 ...
... no UTF-8 mapping file for font encoding C40
Now handling font encoding C42 ...
... no UTF-8 mapping file for font encoding C42
Now handling font encoding C43 ...
... no UTF-8 mapping file for font encoding C43
Now handling font encoding C50 ...
... no UTF-8 mapping file for font encoding C50
Now handling font encoding C52 ...
... no UTF-8 mapping file for font encoding C52
Now handling font encoding C49 ...
... no UTF-8 mapping file for font encoding C49
Now handling font encoding C60 ...
... no UTF-8 mapping file for font encoding C60
Now handling font encoding C61 ...
... no UTF-8 mapping file for font encoding C61
Now handling font encoding C63 ...
... no UTF-8 mapping file for font encoding C63
Now handling font encoding C64 ...
... no UTF-8 mapping file for font encoding C64
Now handling font encoding C65 ...
... no UTF-8 mapping file for font encoding C65
Now handling font encoding C70 ...
... no UTF-8 mapping file for font encoding C70
Now handling font encoding C31 ...
... no UTF-8 mapping file for font encoding C31
Now handling font encoding C32 ...
... no UTF-8 mapping file for font encoding C32
Now handling font encoding C33 ...
... no UTF-8 mapping file for font encoding C33
Now handling font encoding C34 ...
... no UTF-8 mapping file for font encoding C34
Now handling font encoding C35 ...
... no UTF-8 mapping file for font encoding C35
Now handling font encoding C36 ...
... no UTF-8 mapping file for font encoding C36
Now handling font encoding C37 ...
... no UTF-8 mapping file for font encoding C37
Now handling font encoding C80 ...
... no UTF-8 mapping file for font encoding C80
Now handling font encoding C81 ...
... no UTF-8 mapping file for font encoding C81
Now handling font encoding C01 ...
... no UTF-8 mapping file for font encoding C01
Now handling font encoding C11 ...
... no UTF-8 mapping file for font encoding C11
Now handling font encoding C21 ...
... no UTF-8 mapping file for font encoding C21
Now handling font encoding C41 ...
... no UTF-8 mapping file for font encoding C41
Now handling font encoding C62 ...
... no UTF-8 mapping file for font encoding C62
)
LaTeX Info: Redefining \selectfont on input line 755.
\CJK@indent=\box42
)
(c:/Program Files/TexLive/texlive/2018/texmf-dist/tex/latex/base/fontenc.sty
Package: fontenc 2017/04/05 v2.0i Standard LaTeX package
))
(c:/Program Files/TexLive/texlive/2018/texmf-dist/tex/latex/cjkpunct/CJKpunct.s
ty
Package: CJKpunct 2016/05/14 4.8.4
\CJKpunct@cnta=\count180
\CJKpunct@cntb=\count181
\CJKpunct@cntc=\count182
\CJKpunct@cntd=\count183
\CJKpunct@cnte=\count184
   defining Unicode char U+2018 (decimal 8216)
   defining Unicode char U+2019 (decimal 8217)
   defining Unicode char U+201C (decimal 8220)
   defining Unicode char U+201D (decimal 8221)
   defining Unicode char U+2014 (decimal 8212)
   defining Unicode char U+2026 (decimal 8230)

(c:/Program Files/TexLive/texlive/2018/texmf-dist/tex/latex/cjkpunct/CJKpunct.s
pa))
(c:/Program Files/TexLive/texlive/2018/texmf-dist/tex/latex/cjk/texinput/CJKspa
ce.sty
Package: CJKspace 2015/04/18 3.8.0
)
(c:/Program Files/TexLive/texlive/2018/texmf-dist/tex/latex/ctex/ctexspa.def
File: ctexspa.def 2018/05/01 v2.4.14 Space info for CJKpunct (CTEX)
)
(c:/Program Files/TexLive/texlive/2018/texmf-dist/tex/latex/cjk/texinput/CJKfnt
ef.sty
Package: CJKfntef 2015/04/18 4.8.4

(c:/Program Files/TexLive/texlive/2018/texmf-dist/tex/latex/cjk/texinput/CJKule
m.sty
Package: CJKulem 2015/04/18 4.8.4

(c:/Program Files/TexLive/texlive/2018/texmf-dist/tex/generic/ulem/ulem.sty
\UL@box=\box43
\UL@hyphenbox=\box44
\UL@skip=\skip49
\UL@hook=\toks16
\UL@height=\dimen136
\UL@pe=\count185
\UL@pixel=\dimen137
\ULC@box=\box45
Package: ulem 2012/05/18
\ULdepth=\dimen138
)
\UL@lastkern=\dimen139
\CJK@skip=\skip50
)
\CJK@fntefSkip=\skip51
\CJK@nest=\count186
\CJK@fntefDimen=\dimen140
\CJK@underdotBox=\box46
\CJK@ULbox=\box47
\CJK@underanyskip=\dimen141
)
\ccwd=\dimen142
\l__ctex_ccglue_skip=\skip52
)
.................................................
. LaTeX info: "xparse/define-command"
. 
. Defining command \ctexset with sig. '' on line 388.
.................................................
.................................................
. LaTeX info: "xparse/define-command"
. 
. Defining command \CTEXsetup with sig. '+o>{\TrimSpaces }m' on line 394.
.................................................
.................................................
. LaTeX info: "xparse/define-command"
. 
. Defining command \CTEXoptions with sig. '+o' on line 400.
.................................................
.................................................
. LaTeX info: "xparse/define-command"
. 
. Defining command \CTEXsetfont with sig. '' on line 418.
.................................................
.................................................
. LaTeX info: "xparse/define-command"
. 
. Defining command \ziju with sig. 'm' on line 490.
.................................................
\l__ctex_ziju_dim=\dimen143
.................................................
. LaTeX info: "xparse/define-command"
. 
. Defining command \CTEXindent with sig. '' on line 531.
.................................................
.................................................
. LaTeX info: "xparse/define-command"
. 
. Defining command \CTEXnoindent with sig. '' on line 537.
.................................................

(c:/Program Files/TexLive/texlive/2018/texmf-dist/tex/latex/zhnumber/zhnumber.s
ty
Package: zhnumber 2018/01/28 v2.6 Typesetting numbers with Chinese glyphs
.................................................
. LaTeX info: "xparse/define-command"
. 
. Defining command \zhnumber with sig. '+o+m' on line 50.
.................................................
.................................................
. LaTeX info: "xparse/define-command"
. 
. Defining command \zhnumberwithoptions with sig. '+m+m' on line 57.
.................................................
.................................................
. LaTeX info: "xparse/define-command"
. 
. Defining command \zhnum with sig. '+o+m' on line 111.
.................................................
.................................................
. LaTeX info: "xparse/define-command"
. 
. Defining command \zhnumwithoptions with sig. '+m+m' on line 118.
.................................................
.................................................
. LaTeX info: "xparse/define-command"
. 
. Defining command \zhdig with sig. '+o+m' on line 295.
.................................................
.................................................
. LaTeX info: "xparse/define-command"
. 
. Defining command \zhdigwithoptions with sig. '+m+m' on line 302.
.................................................
.................................................
. LaTeX info: "xparse/define-command"
. 
. Defining command \zhdigits with sig. '+s+o+m' on line 316.
.................................................
.................................................
. LaTeX info: "xparse/define-command"
. 
. Defining command \zhdigitswithoptions with sig. '+m+m+m' on line 323.
.................................................
.................................................
. LaTeX info: "xparse/define-command"
. 
. Defining command \zhdate with sig. '+s+m' on line 382.
.................................................
\l__zhnum_scale_int=\count187
.................................................
. LaTeX info: "xparse/define-command"
. 
. Defining command \zhnumExtendScaleMap with sig. '>{\TrimSpaces }+o+m' on
. line 504.
.................................................
\l__zhnum_byte_min_int=\count188
\l__zhnum_byte_max_int=\count189
.................................................
. LaTeX info: "xparse/define-command"
. 
. Defining command \zhnumsetup with sig. '+m' on line 934.
.................................................

(c:/Program Files/TexLive/texlive/2018/texmf-dist/tex/latex/zhnumber/zhnumber-u
tf8.cfg
File: zhnumber-utf8.cfg 2018/01/28 v2.6 Chinese numerals with UTF8 encoding
))
.................................................
. LaTeX info: "xparse/define-command"
. 
. Defining command \CTEXnumber with sig. 'mm' on line 554.
.................................................
.................................................
. LaTeX info: "xparse/define-command"
. 
. Defining command \CTEXdigits with sig. 'mm' on line 556.
.................................................
.................................................
. LaTeX info: "xparse/define-command"
. 
. Defining command \ctex_assign_heading_name:nn with sig. 'm>{\SplitArgument
. {\c_one }{,}}+m' on line 680.
.................................................
\l__ctex_heading_skip=\skip53
.................................................
. LaTeX info: "xparse/define-command"
. 
. Defining command \partmark with sig. 'm' on line 711.
.................................................
.................................................
. LaTeX info: "xparse/redefine-command"
. 
. Redefining command \refstepcounter with sig. 'm' on line 1201.
.................................................

(c:/Program Files/TexLive/texlive/2018/texmf-dist/tex/latex/ctex/scheme/ctex-sc
heme-chinese-article.def
File: ctex-scheme-chinese-article.def 2018/05/02 v2.4.14 Chinese scheme for art
icle (CTEX)

(c:/Program Files/TexLive/texlive/2018/texmf-dist/tex/latex/ctex/config/ctex-na
me-utf8.cfg
File: ctex-name-utf8.cfg 2018/05/02 v2.4.14 Caption with encoding UTF8 (CTEX)
))
.................................................
. LaTeX info: "xparse/define-command"
. 
. Defining command \zihao with sig. 'm' on line 1204.
.................................................

(c:/Program Files/TexLive/texlive/2018/texmf-dist/tex/latex/ctex/ctex-c5size.cl
o
File: ctex-c5size.clo 2018/05/02 v2.4.14 c5size option (CTEX)
)
.................................................
. LaTeX info: "xparse/define-command"
. 
. Defining command \CTeX with sig. '' on line 1308.
.................................................

(c:/Program Files/TexLive/texlive/2018/texmf-dist/tex/latex/ctex/fontset/ctex-f
ontset-windows.def
File: ctex-fontset-windows.def 2018/05/02 v2.4.14 Windows fonts definition (CTE
X)

(c:/Program Files/TexLive/texlive/2018/texmf-dist/tex/latex/ctex/fontset/ctex-f
ontset-windowsnew.def
File: ctex-fontset-windowsnew.def 2018/05/02 v2.4.14 Windows fonts definition f
or Vista or later version (CTEX)

(c:/Program Files/TexLive/texlive/2018/texmf-dist/tex/generic/ctex/zhwindowsfon
ts.tex
File: zhwindowsfonts.tex 2018/05/01 v2.4.14 Windows font map loader for pdfTeX 
and DVIPDFMx (CTEX)
{c:/Program Files/TexLive/texlive/2018/texmf-var/fonts/map/pdftex/updmap/pdftex
.map}{UGBK.sfd}{Unicode.sfd})
.................................................
. LaTeX info: "xparse/define-command"
. 
. Defining command \songti with sig. '' on line 111.
.................................................
.................................................
. LaTeX info: "xparse/define-command"
. 
. Defining command \heiti with sig. '' on line 112.
.................................................
.................................................
. LaTeX info: "xparse/define-command"
. 
. Defining command \fangsong with sig. '' on line 113.
.................................................
.................................................
. LaTeX info: "xparse/define-command"
. 
. Defining command \kaishu with sig. '' on line 114.
.................................................
.................................................
. LaTeX info: "xparse/define-command"
. 
. Defining command \lishu with sig. '' on line 115.
.................................................
.................................................
. LaTeX info: "xparse/define-command"
. 
. Defining command \youyuan with sig. '' on line 116.
.................................................
.................................................
. LaTeX info: "xparse/define-command"
. 
. Defining command \yahei with sig. '' on line 117.
.................................................
)))
(c:/Program Files/TexLive/texlive/2018/texmf-dist/tex/latex/ctex/config/ctex.cf
g
File: ctex.cfg 2018/05/02 v2.4.14 Configuration file (CTEX)
)
(c:/Program Files/TexLive/texlive/2018/texmf-dist/tex/latex/amsmath/amsmath.sty
Package: amsmath 2017/09/02 v2.17a AMS math features
\@mathmargin=\skip54
For additional information on amsmath, use the `?' option.

(c:/Program Files/TexLive/texlive/2018/texmf-dist/tex/latex/amsmath/amstext.sty
Package: amstext 2000/06/29 v2.01 AMS text
(c:/Program Files/TexLive/texlive/2018/texmf-dist/tex/latex/amsmath/amsgen.sty
File: amsgen.sty 1999/11/30 v2.0 generic functions
\@emptytoks=\toks17
\ex@=\dimen144
))
(c:/Program Files/TexLive/texlive/2018/texmf-dist/tex/latex/amsmath/amsbsy.sty
Package: amsbsy 1999/11/29 v1.2d Bold Symbols
\pmbraise@=\dimen145
) (c:/Program Files/TexLive/texlive/2018/texmf-dist/tex/latex/amsmath/amsopn.st
y
Package: amsopn 2016/03/08 v2.02 operator names
)
\inf@bad=\count190
LaTeX Info: Redefining \frac on input line 213.
\uproot@=\count191
\leftroot@=\count192
LaTeX Info: Redefining \overline on input line 375.
\classnum@=\count193
\DOTSCASE@=\count194
LaTeX Info: Redefining \ldots on input line 472.
LaTeX Info: Redefining \dots on input line 475.
LaTeX Info: Redefining \cdots on input line 596.
\Mathstrutbox@=\box48
\strutbox@=\box49
\big@size=\dimen146
LaTeX Font Info:    Redeclaring font encoding OML on input line 712.
LaTeX Font Info:    Redeclaring font encoding OMS on input line 713.
\macc@depth=\count195
\c@MaxMatrixCols=\count196
\dotsspace@=\muskip16
\c@parentequation=\count197
\dspbrk@lvl=\count198
\tag@help=\toks18
\row@=\count199
\column@=\count266
\maxfields@=\count267
\andhelp@=\toks19
\eqnshift@=\dimen147
\alignsep@=\dimen148
\tagshift@=\dimen149
\tagwidth@=\dimen150
\totwidth@=\dimen151
\lineht@=\dimen152
\@envbody=\toks20
\multlinegap=\skip55
\multlinetaggap=\skip56
\mathdisplay@stack=\toks21
LaTeX Info: Redefining \[ on input line 2817.
LaTeX Info: Redefining \] on input line 2818.
)
(c:/Program Files/TexLive/texlive/2018/texmf-dist/tex/latex/amsfonts/amsfonts.s
ty
Package: amsfonts 2013/01/14 v3.01 Basic AMSFonts support
\symAMSa=\mathgroup4
\symAMSb=\mathgroup5
LaTeX Font Info:    Overwriting math alphabet `\mathfrak' in version `bold'
(Font)                  U/euf/m/n --> U/euf/b/n on input line 106.
)
(c:/Program Files/TexLive/texlive/2018/texmf-dist/tex/latex/geometry/geometry.s
ty
Package: geometry 2018/04/16 v5.8 Page Geometry

(c:/Program Files/TexLive/texlive/2018/texmf-dist/tex/latex/graphics/keyval.sty
Package: keyval 2014/10/28 v1.15 key=value parser (DPC)
\KV@toks@=\toks22
)
(c:/Program Files/TexLive/texlive/2018/texmf-dist/tex/generic/oberdiek/ifvtex.s
ty
Package: ifvtex 2016/05/16 v1.6 Detect VTeX and its facilities (HO)
Package ifvtex Info: VTeX not detected.
)
(c:/Program Files/TexLive/texlive/2018/texmf-dist/tex/generic/ifxetex/ifxetex.s
ty
Package: ifxetex 2010/09/12 v0.6 Provides ifxetex conditional
)
\Gm@cnth=\count268
\Gm@cntv=\count269
\c@Gm@tempcnt=\count270
\Gm@bindingoffset=\dimen153
\Gm@wd@mp=\dimen154
\Gm@odd@mp=\dimen155
\Gm@even@mp=\dimen156
\Gm@layoutwidth=\dimen157
\Gm@layoutheight=\dimen158
\Gm@layouthoffset=\dimen159
\Gm@layoutvoffset=\dimen160
\Gm@dimlist=\toks23
)
(c:/Program Files/TexLive/texlive/2018/texmf-dist/tex/latex/enumitem/enumitem.s
ty
Package: enumitem 2011/09/28 v3.5.2 Customized lists
\labelindent=\skip57
\enit@outerparindent=\dimen161
\enit@toks=\toks24
\enit@inbox=\box50
\enitdp@description=\count271
)
(c:/Program Files/TexLive/texlive/2018/texmf-dist/tex/latex/graphics/graphicx.s
ty
Package: graphicx 2017/06/01 v1.1a Enhanced LaTeX Graphics (DPC,SPQR)

(c:/Program Files/TexLive/texlive/2018/texmf-dist/tex/latex/graphics/graphics.s
ty
Package: graphics 2017/06/25 v1.2c Standard LaTeX Graphics (DPC,SPQR)

(c:/Program Files/TexLive/texlive/2018/texmf-dist/tex/latex/graphics/trig.sty
Package: trig 2016/01/03 v1.10 sin cos tan (DPC)
)
(c:/Program Files/TexLive/texlive/2018/texmf-dist/tex/latex/graphics-cfg/graphi
cs.cfg
File: graphics.cfg 2016/06/04 v1.11 sample graphics configuration
)
Package graphics Info: Driver file: pdftex.def on input line 99.

(c:/Program Files/TexLive/texlive/2018/texmf-dist/tex/latex/graphics-def/pdftex
.def
File: pdftex.def 2018/01/08 v1.0l Graphics/color driver for pdftex
))
\Gin@req@height=\dimen162
\Gin@req@width=\dimen163
)
(c:/Program Files/TexLive/texlive/2018/texmf-dist/tex/latex/float/float.sty
Package: float 2001/11/08 v1.3d Float enhancements (AL)
\c@float@type=\count272
\float@exts=\toks25
\float@box=\box51
\@float@everytoks=\toks26
\@floatcapt=\box52
)
(c:/Program Files/TexLive/texlive/2018/texmf-dist/tex/latex/subfigure/subfigure
.sty
Package: subfigure 2002/03/15 v2.1.5 subfigure package
\subfigtopskip=\skip58
\subfigcapskip=\skip59
\subfigcaptopadj=\dimen164
\subfigbottomskip=\skip60
\subfigcapmargin=\dimen165
\subfiglabelskip=\skip61
\c@subfigure=\count273
\c@lofdepth=\count274
\c@subtable=\count275
\c@lotdepth=\count276

****************************************
* Local config file subfigure.cfg used *
****************************************

(c:/Program Files/TexLive/texlive/2018/texmf-dist/tex/latex/subfigure/subfigure
.cfg)
\subfig@top=\skip62
\subfig@bottom=\skip63
)
(c:/Program Files/TexLive/texlive/2018/texmf-dist/tex/latex/cjk/texinput/UTF8/U
TF8.bdg
File: UTF8.bdg 2015/04/18 4.8.4
)
(c:/Program Files/TexLive/texlive/2018/texmf-dist/tex/latex/cjk/texinput/UTF8/U
TF8.enc
File: UTF8.enc 2015/04/18 4.8.4
)
(c:/Program Files/TexLive/texlive/2018/texmf-dist/tex/latex/cjk/texinput/UTF8/U
TF8.chr
File: UTF8.chr 2015/04/18 4.8.4
) (./survey_of_text_classification.aux)
\openout1 = `survey_of_text_classification.aux'.

LaTeX Font Info:    Checking defaults for OML/cmm/m/it on input line 14.
LaTeX Font Info:    ... okay on input line 14.
LaTeX Font Info:    Checking defaults for T1/cmr/m/n on input line 14.
LaTeX Font Info:    ... okay on input line 14.
LaTeX Font Info:    Checking defaults for OT1/cmr/m/n on input line 14.
LaTeX Font Info:    ... okay on input line 14.
LaTeX Font Info:    Checking defaults for OMS/cmsy/m/n on input line 14.
LaTeX Font Info:    ... okay on input line 14.
LaTeX Font Info:    Checking defaults for OMX/cmex/m/n on input line 14.
LaTeX Font Info:    ... okay on input line 14.
LaTeX Font Info:    Checking defaults for U/cmr/m/n on input line 14.
LaTeX Font Info:    ... okay on input line 14.
LaTeX Font Info:    Checking defaults for TS1/cmr/m/n on input line 14.
LaTeX Font Info:    ... okay on input line 14.
LaTeX Font Info:    Checking defaults for C00/song/m/n on input line 14.
LaTeX Font Info:    ... okay on input line 14.
LaTeX Font Info:    Checking defaults for C05/song/m/n on input line 14.
LaTeX Font Info:    ... okay on input line 14.
LaTeX Font Info:    Checking defaults for C09/song/m/n on input line 14.
LaTeX Font Info:    ... okay on input line 14.
LaTeX Font Info:    Checking defaults for C10/song/m/n on input line 14.
LaTeX Font Info:    ... okay on input line 14.
LaTeX Font Info:    Checking defaults for C20/song/m/n on input line 14.
LaTeX Font Info:    ... okay on input line 14.
LaTeX Font Info:    Checking defaults for C19/song/m/n on input line 14.
LaTeX Font Info:    ... okay on input line 14.
LaTeX Font Info:    Checking defaults for C40/song/m/n on input line 14.
LaTeX Font Info:    ... okay on input line 14.
LaTeX Font Info:    Checking defaults for C42/song/m/n on input line 14.
LaTeX Font Info:    ... okay on input line 14.
LaTeX Font Info:    Checking defaults for C43/song/m/n on input line 14.
LaTeX Font Info:    ... okay on input line 14.
LaTeX Font Info:    Checking defaults for C50/song/m/n on input line 14.
LaTeX Font Info:    ... okay on input line 14.
LaTeX Font Info:    Checking defaults for C52/song/m/n on input line 14.
LaTeX Font Info:    ... okay on input line 14.
LaTeX Font Info:    Checking defaults for C49/song/m/n on input line 14.
LaTeX Font Info:    ... okay on input line 14.
LaTeX Font Info:    Checking defaults for C60/mj/m/n on input line 14.
LaTeX Font Info:    ... okay on input line 14.
LaTeX Font Info:    Checking defaults for C61/mj/m/n on input line 14.
LaTeX Font Info:    ... okay on input line 14.
LaTeX Font Info:    Checking defaults for C63/mj/m/n on input line 14.
LaTeX Font Info:    ... okay on input line 14.
LaTeX Font Info:    Checking defaults for C64/mj/m/n on input line 14.
LaTeX Font Info:    ... okay on input line 14.
LaTeX Font Info:    Checking defaults for C65/mj/m/n on input line 14.
LaTeX Font Info:    ... okay on input line 14.
LaTeX Font Info:    Checking defaults for C70/song/m/n on input line 14.
LaTeX Font Info:    ... okay on input line 14.
LaTeX Font Info:    Checking defaults for C31/song/m/n on input line 14.
LaTeX Font Info:    ... okay on input line 14.
LaTeX Font Info:    Checking defaults for C32/song/m/n on input line 14.
LaTeX Font Info:    ... okay on input line 14.
LaTeX Font Info:    Checking defaults for C33/song/m/n on input line 14.
LaTeX Font Info:    ... okay on input line 14.
LaTeX Font Info:    Checking defaults for C34/song/m/n on input line 14.
LaTeX Font Info:    ... okay on input line 14.
LaTeX Font Info:    Checking defaults for C35/song/m/n on input line 14.
LaTeX Font Info:    ... okay on input line 14.
LaTeX Font Info:    Checking defaults for C36/song/m/n on input line 14.
LaTeX Font Info:    ... okay on input line 14.
LaTeX Font Info:    Checking defaults for C37/song/m/n on input line 14.
LaTeX Font Info:    ... okay on input line 14.
LaTeX Font Info:    Checking defaults for C80/song/m/n on input line 14.
LaTeX Font Info:    ... okay on input line 14.
LaTeX Font Info:    Checking defaults for C81/song/m/n on input line 14.
LaTeX Font Info:    ... okay on input line 14.
LaTeX Font Info:    Checking defaults for C01/song/m/n on input line 14.
LaTeX Font Info:    ... okay on input line 14.
LaTeX Font Info:    Checking defaults for C11/song/m/n on input line 14.
LaTeX Font Info:    ... okay on input line 14.
LaTeX Font Info:    Checking defaults for C21/song/m/n on input line 14.
LaTeX Font Info:    ... okay on input line 14.
LaTeX Font Info:    Checking defaults for C41/song/m/n on input line 14.
LaTeX Font Info:    ... okay on input line 14.
LaTeX Font Info:    Checking defaults for C62/song/m/n on input line 14.
LaTeX Font Info:    ... okay on input line 14.

ABD: EverySelectfont initializing macros
LaTeX Info: Redefining \selectfont on input line 14.

*geometry* driver: auto-detecting
*geometry* detected driver: pdftex
*geometry* verbose mode - [ preamble ] result:
* driver: pdftex
* paper: a4paper
* layout: <same size as paper>
* layoutoffset:(h,v)=(0.0pt,0.0pt)
* modes: 
* h-part:(L,W,R)=(59.74988pt, 478.00812pt, 59.74988pt)
* v-part:(T,H,B)=(67.60269pt, 676.04005pt, 101.4041pt)
* \paperwidth=597.50787pt
* \paperheight=845.04684pt
* \textwidth=478.00812pt
* \textheight=676.04005pt
* \oddsidemargin=-12.52011pt
* \evensidemargin=-12.52011pt
* \topmargin=-41.6673pt
* \headheight=12.0pt
* \headsep=25.0pt
* \topskip=10.0pt
* \footskip=30.0pt
* \marginparwidth=65.0pt
* \marginparsep=11.0pt
* \columnsep=10.0pt
* \skip\footins=9.0pt plus 4.0pt minus 2.0pt
* \hoffset=0.0pt
* \voffset=0.0pt
* \mag=1000
* \@twocolumnfalse
* \@twosidefalse
* \@mparswitchfalse
* \@reversemarginfalse
* (1in=72.27pt=25.4mm, 1cm=28.453pt)


(c:/Program Files/TexLive/texlive/2018/texmf-dist/tex/context/base/mkii/supp-pd
f.mkii
[Loading MPS to PDF converter (version 2006.09.02).]
\scratchcounter=\count277
\scratchdimen=\dimen166
\scratchbox=\box53
\nofMPsegments=\count278
\nofMParguments=\count279
\everyMPshowfont=\toks27
\MPscratchCnt=\count280
\MPscratchDim=\dimen167
\MPnumerator=\count281
\makeMPintoPDFobject=\count282
\everyMPtoPDFconversion=\toks28
)
(c:/Program Files/TexLive/texlive/2018/texmf-dist/tex/latex/oberdiek/epstopdf-b
ase.sty
Package: epstopdf-base 2016/05/15 v2.6 Base part for package epstopdf

(c:/Program Files/TexLive/texlive/2018/texmf-dist/tex/generic/oberdiek/infwarer
r.sty
Package: infwarerr 2016/05/16 v1.4 Providing info/warning/error messages (HO)
)
(c:/Program Files/TexLive/texlive/2018/texmf-dist/tex/latex/oberdiek/grfext.sty
Package: grfext 2016/05/16 v1.2 Manage graphics extensions (HO)

(c:/Program Files/TexLive/texlive/2018/texmf-dist/tex/generic/oberdiek/kvdefine
keys.sty
Package: kvdefinekeys 2016/05/16 v1.4 Define keys (HO)

(c:/Program Files/TexLive/texlive/2018/texmf-dist/tex/generic/oberdiek/ltxcmds.
sty
Package: ltxcmds 2016/05/16 v1.23 LaTeX kernel commands for general use (HO)
)))
(c:/Program Files/TexLive/texlive/2018/texmf-dist/tex/latex/oberdiek/kvoptions.
sty
Package: kvoptions 2016/05/16 v3.12 Key value format for package options (HO)

(c:/Program Files/TexLive/texlive/2018/texmf-dist/tex/generic/oberdiek/kvsetkey
s.sty
Package: kvsetkeys 2016/05/16 v1.17 Key value parser (HO)

(c:/Program Files/TexLive/texlive/2018/texmf-dist/tex/generic/oberdiek/etexcmds
.sty
Package: etexcmds 2016/05/16 v1.6 Avoid name clashes with e-TeX commands (HO)

(c:/Program Files/TexLive/texlive/2018/texmf-dist/tex/generic/oberdiek/ifluatex
.sty
Package: ifluatex 2016/05/16 v1.4 Provides the ifluatex switch (HO)
Package ifluatex Info: LuaTeX not detected.
)
Package etexcmds Info: Could not find \expanded.
(etexcmds)             That can mean that you are not using pdfTeX 1.50 or
(etexcmds)             that some package has redefined \expanded.
(etexcmds)             In the latter case, load this package earlier.
)))
(c:/Program Files/TexLive/texlive/2018/texmf-dist/tex/generic/oberdiek/pdftexcm
ds.sty
Package: pdftexcmds 2018/01/30 v0.27 Utility functions of pdfTeX for LuaTeX (HO
)
Package pdftexcmds Info: LuaTeX not detected.
Package pdftexcmds Info: \pdf@primitive is available.
Package pdftexcmds Info: \pdf@ifprimitive is available.
Package pdftexcmds Info: \pdfdraftmode found.
)
Package epstopdf-base Info: Redefining graphics rule for `.eps' on input line 4
38.
Package grfext Info: Graphics extension search list:
(grfext)             [.pdf,.png,.jpg,.mps,.jpeg,.jbig2,.jb2,.PDF,.PNG,.JPG,.JPE
G,.JBIG2,.JB2,.eps]
(grfext)             \AppendGraphicsExtensions on input line 456.

(c:/Program Files/TexLive/texlive/2018/texmf-dist/tex/latex/latexconfig/epstopd
f-sys.cfg
File: epstopdf-sys.cfg 2010/07/13 v1.3 Configuration of (r)epstopdf for TeX Liv
e
))
LaTeX Font Info:    Try loading font information for C70+rm on input line 15.

(c:/Program Files/TexLive/texlive/2018/texmf-dist/tex/latex/ctex/fd/c70rm.fd
File: c70rm.fd 2018/05/01 v2.4.14 Chinese font definition (CTEX)
)
LaTeX Font Info:    Try loading font information for U+msa on input line 15.

(c:/Program Files/TexLive/texlive/2018/texmf-dist/tex/latex/amsfonts/umsa.fd
File: umsa.fd 2013/01/14 v3.01 AMS symbols A
)
LaTeX Font Info:    Try loading font information for U+msb on input line 15.

(c:/Program Files/TexLive/texlive/2018/texmf-dist/tex/latex/amsfonts/umsb.fd
File: umsb.fd 2013/01/14 v3.01 AMS symbols B
)
Package CJKpunct Info: use punctuation spaces for family 'rm' with punctstyle (
quanjiao) on input line 17.

[1

] [2] [3]
LaTeX Font Info:    Try loading font information for OMS+cmr on input line 79.

(c:/Program Files/TexLive/texlive/2018/texmf-dist/tex/latex/base/omscmr.fd
File: omscmr.fd 2014/09/29 v2.5h Standard LaTeX font definitions
)
LaTeX Font Info:    Font shape `OMS/cmr/m/n' in size <10.53937> not available
(Font)              Font shape `OMS/cmsy/m/n' tried instead on input line 79.

Overfull \hbox (14.32866pt too wide) in paragraph at lines 97--99
\C70/rm/m/n/10.53937/51 v \C70/rm/m/n/10.53937/4e -|\C70/rm/m/n/10.53937/ff ^^L
| $\OML/cmm/m/it/10.53937 y\OT1/cmr/m/n/10.53937 (\OML/cmm/m/it/10.53937 d[]; c
[]\OT1/cmr/m/n/10.53937 )$\C70/rm/m/n/10.53937/53 ÷ \C70/rm/m/n/10.53937/50 < \
C70/rm/m/n/10.53937/4e :\OT1/cmr/m/n/10.53937 0\C70/rm/m/n/10.53937/62 ^^V\OT1/
cmr/m/n/10.53937 1|\C70/rm/m/n/10.53937/ff ^^L| \C70/rm/m/n/10.53937/53 ÷ \C70/
rm/m/n/10.53937/50 < \C70/rm/m/n/10.53937/4e :\OT1/cmr/m/n/10.53937 1\C70/rm/m/
n/10.53937/88 h \C70/rm/m/n/10.53937/79 : \C70/rm/m/n/10.53937/65 á \C70/rm/m/n
/10.53937/68 c$\OML/cmm/m/it/10.53937 d[]$\C70/rm/m/n/10.53937/5c ^ \C70/rm/m/n
/10.53937/4e é \C70/rm/m/n/10.53937/7c { \C70/rm/m/n/10.53937/52 +$\OML/cmm/m/i
t/10.53937 c[]$\OT1/cmr/m/n/10.53937 ,\C70/rm/m/n/10.53937/53 ÷ \C70/rm/m/n/10.
53937/50 < \C70/rm/m/n/10.53937/4e :\OT1/cmr/m/n/10.53937 0\C70/rm/m/n/10.53937
/65 ˆ \C70/rm/m/n/10.53937/88 h \C70/rm/m/n/10.53937/79 : \C70/rm/m/n/10.53937/
65 á \C70/rm/m/n/10.53937/68 c$\OML/cmm/m/it/10.53937 d[]$\C70/rm/m/n/10.53937/
4e ^^M \C70/rm/m/n/10.53937/5c ^ \C70/rm/m/n/10.53937/4e é \C70/rm/m/n/10.53937
/52 ^^F \C70/rm/m/n/10.53937/7c {$\OML/cmm/m/it/10.53937 C[]$\OT1/cmr/m/n/10.53
937 ;$\OML/cmm/m/it/10.53937 sim\OT1/cmr/m/n/10.53937 (\OML/cmm/m/it/10.53937 x
; d[]\OT1/cmr/m/n/10.53937 )$\C70/rm/m/n/10.53937/88 h
 []

[4]
<SingleNeuron.pdf, id=206, 805.08781pt x 397.485pt>
File: SingleNeuron.pdf Graphic file (type pdf)
<use SingleNeuron.pdf>
Package pdftex.def Info: SingleNeuron.pdf  used on input line 117.
(pdftex.def)             Requested size: 239.00406pt x 117.997pt.
<Network331.pdf, id=208, 1074.0125pt x 757.83125pt>
File: Network331.pdf Graphic file (type pdf)
<use Network331.pdf>
Package pdftex.def Info: Network331.pdf  used on input line 123.
(pdftex.def)             Requested size: 239.00406pt x 168.64294pt.
 [5 <./SingleNeuron.pdf>] [6 <./Network331.pdf>]
Overfull \hbox (16.77368pt too wide) in paragraph at lines 149--150
[]\C70/rm/m/n/10.53937/8f € \C70/rm/m/n/10.53937/88 L \C70/rm/m/n/10.53937/52 M
 \C70/rm/m/n/10.53937/99 à \C70/rm/m/n/10.53937/4f   \C70/rm/m/n/10.53937/5b ¸ 
\C70/rm/m/n/10.53937/8b ° \C70/rm/m/n/10.53937/7b ó|\C70/rm/m/n/10.53937/ff ^^L
| \C70/rm/m/n/10.53937/52 ) \C70/rm/m/n/10.53937/75 ( \C70/rm/m/n/10.53937/52 M
 \C70/rm/m/n/10.53937/54 ^^Q \C70/rm/m/n/10.53937/4f   \C70/rm/m/n/10.53937/5b 
¸ \C70/rm/m/n/10.53937/51 l \C70/rm/m/n/10.53937/5f ^^O|\C70/rm/m/n/10.53937/ff
 ^^L| \C70/rm/m/n/10.53937/5f ó \C70/rm/m/n/10.53937/52 0$\OML/cmm/m/it/10.5393
7 L[]$\OT1/cmr/m/n/10.53937 , $\OML/cmm/m/it/10.53937 L[]$\OT1/cmr/m/n/10.53937
 , ... \C70/rm/m/n/10.53937/76 Ù \C70/rm/m/n/10.53937/52 0 \C70/rm/m/n/10.53937
/8f ì \C70/rm/m/n/10.53937/51 ˙ \C70/rm/m/n/10.53937/5c B$\OML/cmm/m/it/10.5393
7 L[]$\C70/rm/m/n/10.53937/76 Ñ \C70/rm/m/n/10.53937/6f ¿ \C70/rm/m/n/10.53937/
6d ; \C70/rm/m/n/10.53937/50 <|\C70/rm/m/n/10.53937/30 ^^B| \C70/rm/m/n/10.5393
7/5b ˘ \C70/rm/m/n/10.53937/8f ì \C70/rm/m/n/10.53937/51 ˙ \C70/rm/m/n/10.53937
/5c B |\C70/rm/m/n/10.53937/ff ^^H|\C70/rm/m/n/10.53937/7b ,$\OML/cmm/m/it/10.5
3937 n[]$\C70/rm/m/n/10.53937/5c B|\C70/rm/m/n/10.53937/ff 	||^^L|
 []

[7]
Overfull \hbox (7.2185pt too wide) in paragraph at lines 163--164
\C70/rm/m/n/10.53937/76 Ñ \C70/rm/m/n/10.53937/4f ^^X \C70/rm/m/n/10.53937/53 ^
^V \C70/rm/m/n/10.53937/76 Ó \C70/rm/m/n/10.53937/68 ^^G\OT1/cmr/m/n/10.53937 (
\C70/rm/m/n/10.53937/8d ^^_ \C70/rm/m/n/10.53937/91 « \C70/rm/m/n/10.53937/68 7
 \C70/rm/m/n/10.53937/54 å \C70/rm/m/n/10.53937/5c B \C70/rm/m/n/10.53937/6b !\
OT1/cmr/m/n/10.53937 Softmax)|\C70/rm/m/n/10.53937/ff ^^L| \C70/rm/m/n/10.53937
/51 v \C70/rm/m/n/10.53937/4e - \C70/rm/m/n/10.53937/8d ^^_ \C70/rm/m/n/10.5393
7/91 « \C70/rm/m/n/10.53937/68 7 \C70/rm/m/n/10.53937/76 Ó \C70/rm/m/n/10.53937
/68 ^^G \C70/rm/m/n/10.53937/66 / \C70/rm/m/n/10.53937/51 s \C70/rm/m/n/10.5393
7/95 .|\C70/rm/m/n/10.53937/30 ^^B| \OT1/cmr/m/n/10.53937 Word2vec\C70/rm/m/n/1
0.53937/76 Ñ \C70/rm/m/n/10.53937/8d ^^_ \C70/rm/m/n/10.53937/91 « \C70/rm/m/n/
10.53937/68 7 \C70/rm/m/n/10.53937/90 ^^Z \C70/rm/m/n/10.53937/8f « \C70/rm/m/n
/10.53937/8b ≠ \C70/rm/m/n/10.53937/7e √ \C70/rm/m/n/10.53937/7f Q \C70/rm/m/n/
10.53937/7e ‹ \C70/rm/m/n/10.53937/67 e \C70/rm/m/n/10.53937/4e Œ |\C70/rm/m/n/
10.53937/20 ^^\|\C70/rm/m/n/10.53937/57 O|\C70/rm/m/n/10.53937/20 ^^]|
 []

<cbow_skip.pdf, id=244, 921.32732pt x 554.00078pt>
File: cbow_skip.pdf Graphic file (type pdf)
<use cbow_skip.pdf>
Package pdftex.def Info: cbow_skip.pdf  used on input line 175.
(pdftex.def)             Requested size: 338.02002pt x 203.2526pt.

Overfull \hbox (7.38478pt too wide) in paragraph at lines 182--183
[]\OT1/cmr/m/n/10.53937 Skip-gram\C70/rm/m/n/10.53937/5c ^^F \C70/rm/m/n/10.539
37/4e 
  \C70/rm/m/n/10.53937/65 á \C70/rm/m/n/10.53937/4e - \C70/rm/m/n/10.53937/76 
Ñ \C70/rm/m/n/10.53937/51 C \C70/rm/m/n/10.53937/7d  $\OML/cmm/m/it/10.53937 c[
]$\C70/rm/m/n/10.53937/54 å \C70/rm/m/n/10.53937/51 v \C70/rm/m/n/10.53937/4e ÷
 \C70/rm/m/n/10.53937/51 C \C70/rm/m/n/10.53937/7d   \C70/rm/m/n/10.53937/76 ¯ 
\C70/rm/m/n/10.53937/72 Ï \C70/rm/m/n/10.53937/7a À|\C70/rm/m/n/10.53937/ff ^^L
| \C70/rm/m/n/10.53937/53 s \C70/rm/m/n/10.53937/4e ^^@ * \C70/rm/m/n/10.53937/
8b Õ\OT1/cmr/m/n/10.53937 -\C70/rm/m/n/10.53937/4e 
  \C70/rm/m/n/10.53937/65 á \C70/rm/m/n/10.53937/5b ˘\OT1/cmr/m/n/10.53937 ($\
OML/cmm/m/it/10.53937 !$\OT1/cmr/m/n/10.53937 ,$\OML/cmm/m/it/10.53937 c[]$\OT1
/cmr/m/n/10.53937 )\C70/rm/m/n/10.53937/57 ( \C70/rm/m/n/10.53937/8b Ì \C70/rm/
m/n/10.53937/65 ô\OT1/cmr/m/n/10.53937 D\C70/rm/m/n/10.53937/4e -
 []

[8 <./cbow_skip.pdf>]
<textCNN.pdf, id=256, 710.655pt x 301.125pt>
File: textCNN.pdf Graphic file (type pdf)
<use textCNN.pdf>
Package pdftex.def Info: textCNN.pdf  used on input line 196.
(pdftex.def)             Requested size: 338.02002pt x 143.23343pt.

Overfull \hbox (9.90677pt too wide) in paragraph at lines 203--204
[]\C70/rm/m/n/10.53937/6c ` \C70/rm/m/n/10.53937/53 ^^V \C70/rm/m/n/10.53937/5c
 B \C70/rm/m/n/10.53937/76 Ñ \C70/rm/m/n/10.53937/4e ^^@ \C70/rm/m/n/10.53937/7
e Ù \C70/rm/m/n/10.53937/54 ^^Q \C70/rm/m/n/10.53937/91 œ \C70/rm/m/n/10.53937/
76 Ñ \C70/rm/m/n/10.53937/8f ì \C70/rm/m/n/10.53937/51 ˙ \C70/rm/m/n/10.53937/9
0 ^^Z \C70/rm/m/n/10.53937/8f « \C70/rm/m/n/10.53937/51 h \C70/rm/m/n/10.53937/
8f ﬁ \C70/rm/m/n/10.53937/63 • \C70/rm/m/n/10.53937/76 Ñ \C70/rm/m/n/10.53937/6
5 π \C70/rm/m/n/10.53937/5f ^^O|\C70/rm/m/n/10.53937/ff ^^L| \C70/rm/m/n/10.539
37/8f ﬁ \C70/rm/m/n/10.53937/63 • \C70/rm/m/n/10.53937/4e ^^@ *\OT1/cmr/m/n/10.
53937 Softmax\C70/rm/m/n/10.53937/5c B|\C70/rm/m/n/10.53937/ff ^^L| \OT1/cmr/m/
n/10.53937 Softmax\C70/rm/m/n/10.53937/5c B
 []

[9 <./textCNN.pdf>]
<medicalCNN.pdf, id=268, 1343.0175pt x 720.6925pt>
File: medicalCNN.pdf Graphic file (type pdf)
<use medicalCNN.pdf>
Package pdftex.def Info: medicalCNN.pdf  used on input line 207.
(pdftex.def)             Requested size: 338.02002pt x 181.38234pt.
<BasicRNN.pdf, id=269, 549.05125pt x 358.33875pt>
File: BasicRNN.pdf Graphic file (type pdf)
<use BasicRNN.pdf>
Package pdftex.def Info: BasicRNN.pdf  used on input line 215.
(pdftex.def)             Requested size: 239.00406pt x 155.98544pt.

Overfull \hbox (24.65833pt too wide) in paragraph at lines 213--216
[]\C70/rm/m/n/10.53937/67 ^^@ \C70/rm/m/n/10.53937/57 ˙ \C70/rm/m/n/10.53937/67
 , \C70/rm/m/n/10.53937/76 Ñ \C70/rm/m/n/10.53937/5f ™ \C70/rm/m/n/10.53937/73 
Ø \C70/rm/m/n/10.53937/79 ^ \C70/rm/m/n/10.53937/7e œ \C70/rm/m/n/10.53937/7f Q
 \C70/rm/m/n/10.53937/7e ‹ ” \C70/rm/m/n/10.53937/67 Ñ \C70/rm/m/n/10.53937/59 
Ç \C70/rm/m/n/10.53937/4e  \C70/rm/m/n/10.53937/56 ˛\OT1/cmr/m/n/10.53937 ,\C7
0/rm/m/n/10.53937/7f Q \C70/rm/m/n/10.53937/7e ‹ \C70/rm/m/n/10.53937/63 	 \C70
/rm/m/n/10.53937/98 z \C70/rm/m/n/10.53937/5e è \C70/rm/m/n/10.53937/8b ˚ \C70/
rm/m/n/10.53937/51 e \C70/rm/m/n/10.53937/5e è \C70/rm/m/n/10.53937/52 ^^W|\C70
/rm/m/n/10.53937/ff ^^L| \C70/rm/m/n/10.53937/7e œ \C70/rm/m/n/10.53937/8f « \C
70/rm/m/n/10.53937/4e - \C70/rm/m/n/10.53937/95 Ù \C70/rm/m/n/10.53937/76 Ñ\OT1
/cmr/m/n/10.53937 RNN\C70/rm/m/n/10.53937/7e ” \C70/rm/m/n/10.53937/67 Ñ\OT1/cm
r/m/n/10.53937 (\C70/rm/m/n/10.53937/53 Ô \C70/rm/m/n/10.53937/4e Â :\OT1/cmr/m
/n/10.53937 LSTM\C70/rm/m/n/10.53937/62 ^^V\OT1/cmr/m/n/10.53937 GRU\C70/rm/m/n
/10.53937/7b I\OT1/cmr/m/n/10.53937 )|\C70/rm/m/n/10.53937/ff ^^L|
 []

[10 <./medicalCNN.pdf>]
<AHN.pdf, id=282, 674.52pt x 787.94376pt>
File: AHN.pdf Graphic file (type pdf)
<use AHN.pdf>
Package pdftex.def Info: AHN.pdf  used on input line 219.
(pdftex.def)             Requested size: 239.00406pt x 279.18697pt.
 [11 <./BasicRNN.pdf> <./AHN.pdf

pdfTeX warning: pdflatex.exe (file ./AHN.pdf): PDF inclusion: multiple pdfs wit
h page group included in a single page
>]
<RCNN.pdf, id=299, 900.48946pt x 368.92961pt>
File: RCNN.pdf Graphic file (type pdf)
<use RCNN.pdf>
Package pdftex.def Info: RCNN.pdf  used on input line 241.
(pdftex.def)             Requested size: 239.00406pt x 97.91786pt.
<CRNN.pdf, id=300, 1679.27374pt x 718.685pt>
File: CRNN.pdf Graphic file (type pdf)
<use CRNN.pdf>
Package pdftex.def Info: CRNN.pdf  used on input line 251.
(pdftex.def)             Requested size: 334.60422pt x 143.1971pt.

Overfull \hbox (18.16185pt too wide) in paragraph at lines 249--252
[]\C70/rm/m/n/10.53937/53 Ê \C70/rm/m/n/10.53937/4e ^^@ \C70/rm/m/n/10.53937/79
 Õ \C70/rm/m/n/10.53937/6d A \C70/rm/m/n/10.53937/88 L \C70/rm/m/n/10.53937/76 
Ñ \C70/rm/m/n/10.53937/65 π \C70/rm/m/n/10.53937/5f ^^O \C70/rm/m/n/10.53937/66
 / \C70/rm/m/n/10.53937/99 ñ \C70/rm/m/n/10.53937/51 H \C70/rm/m/n/10.53937/7e 
œ \C70/rm/m/n/10.53937/8f « \C70/rm/m/n/10.53937/53 w \C70/rm/m/n/10.53937/79 Ô
 ^ \C70/rm/m/n/10.53937/7e œ \C70/rm/m/n/10.53937/7f Q \C70/rm/m/n/10.53937/7e 
‹ ” \C70/rm/m/n/10.53937/67 Ñ|\C70/rm/m/n/10.53937/ff ^^L| \C70/rm/m/n/10.53937
/71 6 \C70/rm/m/n/10.53937/54 ^^N \C70/rm/m/n/10.53937/51 ç \C70/rm/m/n/10.5393
7/7e œ \C70/rm/m/n/10.53937/8f « \C70/rm/m/n/10.53937/5f ™ \C70/rm/m/n/10.53937
/73 Ø \C70/rm/m/n/10.53937/79 ^ \C70/rm/m/n/10.53937/7e œ \C70/rm/m/n/10.53937/
7f Q \C70/rm/m/n/10.53937/7e ‹ ” \C70/rm/m/n/10.53937/67 Ñ|\C70/rm/m/n/10.53937
/30 ^^B| \C70/rm/m/n/10.53937/59 Ç\OT1/cmr/m/n/10.53937 Chen\C70/rm/m/n/10.5393
7/7b I \C70/rm/m/n/10.53937/4e ∫ \C70/rm/m/n/10.53937/57 (\OT1/cmr/m/n/10.53937
 2017\C70/rm/m/n/10.53937/5e t
 []

[12 <./RCNN.pdf>] [13 <./CRNN.pdf>] (./survey_of_text_classification.aux) ) 
Here is how much of TeX's memory you used:
 18317 strings out of 492646
 335294 string characters out of 6122893
 353106 words of memory out of 5000000
 21663 multiletter control sequences out of 15000+600000
 588998 words of font info for 236 fonts, out of 8000000 for 9000
 1141 hyphenation exceptions out of 8191
 42i,20n,63p,1377b,275s stack positions out of 5000i,500n,10000p,200000b,80000s
<c:/
Windows/Fonts/simsun.ttc><c:/Windows/Fonts/simhei.ttf><c:/Windows/Fonts/simhei.
ttf><c:/Windows/Fonts/simhei.ttf><c:/Windows/Fonts/simhei.ttf><c:/Windows/Fonts
/simhei.ttf><c:/Windows/Fonts/simsun.ttc><c:/Windows/Fonts/simhei.ttf><c:/Windo
ws/Fonts/simhei.ttf><c:/Windows/Fonts/simsun.ttc><c:/Windows/Fonts/simhei.ttf><
c:/Windows/Fonts/simsun.ttc><c:/Windows/Fonts/simsun.ttc><c:/Windows/Fonts/sims
un.ttc><c:/Windows/Fonts/simsun.ttc><c:/Windows/Fonts/simhei.ttf><c:/Windows/Fo
nts/simhei.ttf><c:/Windows/Fonts/simhei.ttf><c:/Windows/Fonts/simhei.ttf><c:/Wi
ndows/Fonts/simhei.ttf><c:/Windows/Fonts/simhei.ttf><c:/Windows/Fonts/simhei.tt
f><c:/Windows/Fonts/simhei.ttf><c:/Windows/Fonts/simsun.ttc><c:/Windows/Fonts/s
imsun.ttc><c:/Windows/Fonts/simhei.ttf><c:/Windows/Fonts/simhei.ttf><c:/Windows
/Fonts/simhei.ttf><c:/Windows/Fonts/simsun.ttc><c:/Windows/Fonts/simhei.ttf><c:
/Windows/Fonts/simhei.ttf><c:/Windows/Fonts/simhei.ttf><c:/Windows/Fonts/simhei
.ttf><c:/Windows/Fonts/simhei.ttf><c:/Windows/Fonts/simsun.ttc><c:/Windows/Font
s/simhei.ttf><c:/Windows/Fonts/simsun.ttc><c:/Windows/Fonts/simsun.ttc><c:/Wind
ows/Fonts/simhei.ttf><c:/Windows/Fonts/simhei.ttf><c:/Windows/Fonts/simhei.ttf>
<c:/Windows/Fonts/simhei.ttf><c:/Windows/Fonts/simhei.ttf><c:/Windows/Fonts/sim
sun.ttc><c:/Windows/Fonts/simsun.ttc><c:/Windows/Fonts/simsun.ttc><c:/Windows/F
onts/simhei.ttf><c:/Windows/Fonts/simhei.ttf><c:/Windows/Fonts/simhei.ttf><c:/W
indows/Fonts/simsun.ttc><c:/Windows/Fonts/simsun.ttc><c:/Windows/Fonts/simsun.t
tc><c:/Windows/Fonts/simsun.ttc><c:/Windows/Fonts/simsun.ttc><c:/Windows/Fonts/
simsun.ttc><c:/Windows/Fonts/simsun.ttc><c:/Windows/Fonts/simsun.ttc><c:/Window
s/Fonts/simhei.ttf><c:/Windows/Fonts/simhei.ttf><c:/Windows/Fonts/simhei.ttf><c
:/Windows/Fonts/simhei.ttf><c:/Windows/Fonts/simhei.ttf><c:/Windows/Fonts/simhe
i.ttf><c:/Windows/Fonts/simhei.ttf><c:/Windows/Fonts/simsun.ttc><c:/Windows/Fon
ts/simsun.ttc><c:/Windows/Fonts/simsun.ttc><c:/Windows/Fonts/simsun.ttc><c:/Win
dows/Fonts/simsun.ttc><c:/Windows/Fonts/simsun.ttc><c:/Windows/Fonts/simsun.ttc
><c:/Windows/Fonts/simsun.ttc><c:/Windows/Fonts/simsun.ttc><c:/Windows/Fonts/si
msun.ttc><c:/Windows/Fonts/simsun.ttc><c:/Windows/Fonts/simsun.ttc><c:/Windows/
Fonts/simsun.ttc><c:/Windows/Fonts/simsun.ttc><c:/Windows/Fonts/simsun.ttc><c:/
Windows/Fonts/simsun.ttc><c:/Windows/Fonts/simsun.ttc><c:/Windows/Fonts/simsun.
ttc><c:/Windows/Fonts/simsun.ttc><c:/Windows/Fonts/simsun.ttc><c:/Windows/Fonts
/simsun.ttc><c:/Windows/Fonts/simsun.ttc><c:/Windows/Fonts/simsun.ttc><c:/Windo
ws/Fonts/simsun.ttc><c:/Windows/Fonts/simsun.ttc><c:/Windows/Fonts/simsun.ttc><
c:/Windows/Fonts/simsun.ttc><c:/Windows/Fonts/simsun.ttc><c:/Windows/Fonts/sims
un.ttc><c:/Windows/Fonts/simsun.ttc><c:/Windows/Fonts/simsun.ttc><c:/Windows/Fo
nts/simsun.ttc><c:/Windows/Fonts/simsun.ttc><c:/Windows/Fonts/simsun.ttc><c:/Wi
ndows/Fonts/simsun.ttc><c:/Windows/Fonts/simsun.ttc><c:/Windows/Fonts/simsun.tt
c><c:/Windows/Fonts/simsun.ttc><c:/Windows/Fonts/simsun.ttc><c:/Windows/Fonts/s
imsun.ttc><c:/Windows/Fonts/simsun.ttc><c:/Windows/Fonts/simsun.ttc><c:/Windows
/Fonts/simhei.ttf><c:/Windows/Fonts/simhei.ttf><c:/Windows/Fonts/simsun.ttc><c:
/Windows/Fonts/simsun.ttc><c:/Windows/Fonts/simsun.ttc><c:/Windows/Fonts/simsun
.ttc><c:/Windows/Fonts/simsun.ttc><c:/Windows/Fonts/simsun.ttc><c:/Windows/Font
s/simsun.ttc><c:/Windows/Fonts/simsun.ttc><c:/Windows/Fonts/simsun.ttc><c:/Wind
ows/Fonts/simsun.ttc><c:/Windows/Fonts/simsun.ttc><c:/Program Files/TexLive/tex
live/2018/texmf-dist/fonts/type1/public/amsfonts/cm/cmbx10.pfb><c:/Program File
s/TexLive/texlive/2018/texmf-dist/fonts/type1/public/amsfonts/cm/cmbx12.pfb><c:
/Program Files/TexLive/texlive/2018/texmf-dist/fonts/type1/public/amsfonts/cm/c
mex10.pfb><c:/Program Files/TexLive/texlive/2018/texmf-dist/fonts/type1/public/
amsfonts/cm/cmmi10.pfb><c:/Program Files/TexLive/texlive/2018/texmf-dist/fonts/
type1/public/amsfonts/cm/cmmi5.pfb><c:/Program Files/TexLive/texlive/2018/texmf
-dist/fonts/type1/public/amsfonts/cm/cmmi7.pfb><c:/Program Files/TexLive/texliv
e/2018/texmf-dist/fonts/type1/public/amsfonts/cm/cmr10.pfb><c:/Program Files/Te
xLive/texlive/2018/texmf-dist/fonts/type1/public/amsfonts/cm/cmr12.pfb><c:/Prog
ram Files/TexLive/texlive/2018/texmf-dist/fonts/type1/public/amsfonts/cm/cmr5.p
fb><c:/Program Files/TexLive/texlive/2018/texmf-dist/fonts/type1/public/amsfont
s/cm/cmr7.pfb><c:/Program Files/TexLive/texlive/2018/texmf-dist/fonts/type1/pub
lic/amsfonts/cm/cmsy10.pfb><c:/Program Files/TexLive/texlive/2018/texmf-dist/fo
nts/type1/public/amsfonts/cm/cmsy7.pfb><c:/Program Files/TexLive/texlive/2018/t
exmf-dist/fonts/type1/public/amsfonts/symbols/msbm10.pfb>
Output written on survey_of_text_classification.pdf (13 pages, 1326719 bytes).
PDF statistics:
 729 PDF objects out of 1000 (max. 8388607)
 472 compressed objects within 5 object streams
 0 named destinations out of 1000 (max. 500000)
 354 words of extra memory for PDF output out of 10000 (max. 10000000)

